<?xml version="1.0" encoding="UTF-8"?>
<!-- Generated by org.testng.reporters.JUnitXMLReporter -->
<testsuite hostname="thrymr-To-be-filled-by-O-E-M" name="Annotations " tests="4" failures="0" timestamp="31 Dec 2019 10:30:32 GMT" time="0.034" errors="0">
  <testcase name="method1" time="0.012" classname="com.testng.poc.TestCase3Annotations"/>
  <testcase name="method2" time="0.002" classname="com.testng.poc.TestCase3Annotations"/>
  <testcase name="method1" time="0.001" classname="com.testng.poc.TestCase4Annotations"/>
  <testcase name="method2" time="0.001" classname="com.testng.poc.TestCase4Annotations"/>
</testsuite> <!-- Annotations  -->
