<?xml version="1.0" encoding="UTF-8"?>
<!-- Generated by org.testng.reporters.JUnitXMLReporter -->
<testsuite hostname="thrymr-To-be-filled-by-O-E-M" name="Test" tests="3" failures="1" timestamp="3 Jan 2020 13:12:15 GMT" time="0.041" errors="0">
  <testcase name="test1" time="0.023" classname="ListenersPkg.ListenerTest2"/>
  <testcase name="test2" time="0.001" classname="ListenersPkg.ListenerTest2">
    <failure type="java.lang.AssertionError" message="expected [B] but found [A]">
      <![CDATA[java.lang.AssertionError: expected [B] but found [A]
	at ListenersPkg.ListenerTest2.test2(ListenerTest2.java:19)
... Removed 29 stack frames]]>
    </failure>
  </testcase> <!-- test2 -->
  <testcase name="test3" time="0.001" classname="ListenersPkg.ListenerTest2">
    <skipped/>
  </testcase> <!-- test3 -->
</testsuite> <!-- Test -->
